<?xml version="1.0" encoding="UTF-8"?>
<!-- Generated by org.testng.reporters.JUnitReportReporter -->
<testsuite hostname="DESKTOP-BB25A37" name="test.LoginPageTest" tests="1" failures="0" timestamp="21 May 2021 01:13:49 GMT" time="15.805" errors="0">
  <testcase name="test" time="15.805" classname="test.LoginPageTest"/>
</testsuite> <!-- test.LoginPageTest -->
