<?xml version="1.0" encoding="UTF-8"?>
<!-- Generated by org.testng.reporters.JUnitReportReporter -->
<testsuite hostname="DESKTOP-BB25A37" name="dataprovider.DataProviderDemo" tests="2" failures="0" timestamp="21 May 2021 00:57:46 GMT" time="0.027" errors="0">
  <testcase name="verifyNames" time="0.026" classname="dataprovider.DataProviderDemo"/>
  <testcase name="verifyNames" time="0.001" classname="dataprovider.DataProviderDemo"/>
</testsuite> <!-- dataprovider.DataProviderDemo -->
